# JRE version: Java(TM) SE Runtime Environment 18.9 (11.0.9+7) (build 11.0.9+7-LTS)
# Java VM: Java HotSpot(TM) 64-Bit Server VM 18.9 (11.0.9+7-LTS, mixed mode, tiered, compressed oops, parallel gc, windows-amd64)
Heap:
 PSYoungGen      total 26112K, used 742K [0x00000000eab00000, 0x00000000ec880000, 0x0000000100000000)
  eden space 25600K, 2% used [0x00000000eab00000,0x00000000eabb9860,0x00000000ec400000)
  from space 512K, 0% used [0x00000000ec400000,0x00000000ec400000,0x00000000ec480000)
  to   space 1024K, 0% used [0x00000000ec780000,0x00000000ec780000,0x00000000ec880000)
 ParOldGen       total 68608K, used 8604K [0x00000000c0000000, 0x00000000c4300000, 0x00000000eab00000)
  object space 68608K, 12% used [0x00000000c0000000,0x00000000c0867010,0x00000000c4300000)
 Metaspace       used 27558K, capacity 29253K, committed 29312K, reserved 1087488K
  class space    used 2629K, capacity 3166K, committed 3200K, reserved 1048576K
GC Heap History (10 events):
Event: 3.830 GC heap before
{Heap before GC invocations=3 (full 1):
 PSYoungGen      total 29696K, used 4093K [0x00000000eab00000, 0x00000000ecc00000, 0x0000000100000000)
  eden space 25600K, 0% used [0x00000000eab00000,0x00000000eab00000,0x00000000ec400000)
  from space 4096K, 99% used [0x00000000ec800000,0x00000000ecbff7d8,0x00000000ecc00000)
  to   space 4096K, 0% used [0x00000000ec400000,0x00000000ec400000,0x00000000ec800000)
 ParOldGen       total 68608K, used 2129K [0x00000000c0000000, 0x00000000c4300000, 0x00000000eab00000)
  object space 68608K, 3% used [0x00000000c0000000,0x00000000c0214678,0x00000000c4300000)
 Metaspace       used 20166K, capacity 21143K, committed 21248K, reserved 1069056K
  class space    used 1903K, capacity 2243K, committed 2304K, reserved 1048576K
}
Event: 3.890 GC heap after
{Heap after GC invocations=3 (full 1):
 PSYoungGen      total 29696K, used 0K [0x00000000eab00000, 0x00000000ecc00000, 0x0000000100000000)
  eden space 25600K, 0% used [0x00000000eab00000,0x00000000eab00000,0x00000000ec400000)
  from space 4096K, 0% used [0x00000000ec800000,0x00000000ec800000,0x00000000ecc00000)
  to   space 4096K, 0% used [0x00000000ec400000,0x00000000ec400000,0x00000000ec800000)
 ParOldGen       total 68608K, used 6158K [0x00000000c0000000, 0x00000000c4300000, 0x00000000eab00000)
  object space 68608K, 8% used [0x00000000c0000000,0x00000000c0603ad8,0x00000000c4300000)
 Metaspace       used 20166K, capacity 21143K, committed 21248K, reserved 1069056K
  class space    used 1903K, capacity 2243K, committed 2304K, reserved 1048576K
}
Event: 4.830 GC heap before
{Heap before GC invocations=4 (full 1):
 PSYoungGen      total 29696K, used 20138K [0x00000000eab00000, 0x00000000ecc00000, 0x0000000100000000)
  eden space 25600K, 78% used [0x00000000eab00000,0x00000000ebeaaae8,0x00000000ec400000)
  from space 4096K, 0% used [0x00000000ec800000,0x00000000ec800000,0x00000000ecc00000)
  to   space 4096K, 0% used [0x00000000ec400000,0x00000000ec400000,0x00000000ec800000)
 ParOldGen       total 68608K, used 6158K [0x00000000c0000000, 0x00000000c4300000, 0x00000000eab00000)
  object space 68608K, 8% used [0x00000000c0000000,0x00000000c0603ad8,0x00000000c4300000)
 Metaspace       used 24923K, capacity 26307K, committed 26368K, reserved 1079296K
  class space    used 2321K, capacity 2800K, committed 2816K, reserved 1048576K
}
Event: 4.833 GC heap after
{Heap after GC invocations=4 (full 1):
 PSYoungGen      total 29696K, used 1644K [0x00000000eab00000, 0x00000000ecc00000, 0x0000000100000000)
  eden space 25600K, 0% used [0x00000000eab00000,0x00000000eab00000,0x00000000ec400000)
  from space 4096K, 40% used [0x00000000ec400000,0x00000000ec59b0b8,0x00000000ec800000)
  to   space 4096K, 0% used [0x00000000ec800000,0x00000000ec800000,0x00000000ecc00000)
 ParOldGen       total 68608K, used 6158K [0x00000000c0000000, 0x00000000c4300000, 0x00000000eab00000)
  object space 68608K, 8% used [0x00000000c0000000,0x00000000c0603ad8,0x00000000c4300000)
 Metaspace       used 24923K, capacity 26307K, committed 26368K, reserved 1079296K
  class space    used 2321K, capacity 2800K, committed 2816K, reserved 1048576K
}
Event: 4.833 GC heap before
{Heap before GC invocations=5 (full 2):
 PSYoungGen      total 29696K, used 1644K [0x00000000eab00000, 0x00000000ecc00000, 0x0000000100000000)
  eden space 25600K, 0% used [0x00000000eab00000,0x00000000eab00000,0x00000000ec400000)
  from space 4096K, 40% used [0x00000000ec400000,0x00000000ec59b0b8,0x00000000ec800000)
  to   space 4096K, 0% used [0x00000000ec800000,0x00000000ec800000,0x00000000ecc00000)
 ParOldGen       total 68608K, used 6158K [0x00000000c0000000, 0x00000000c4300000, 0x00000000eab00000)
  object space 68608K, 8% used [0x00000000c0000000,0x00000000c0603ad8,0x00000000c4300000)
 Metaspace       used 24923K, capacity 26307K, committed 26368K, reserved 1079296K
  class space    used 2321K, capacity 2800K, committed 2816K, reserved 1048576K
}
Event: 4.932 GC heap after
{Heap after GC invocations=5 (full 2):
 PSYoungGen      total 29696K, used 0K [0x00000000eab00000, 0x00000000ecc00000, 0x0000000100000000)
  eden space 25600K, 0% used [0x00000000eab00000,0x00000000eab00000,0x00000000ec400000)
  from space 4096K, 0% used [0x00000000ec400000,0x00000000ec400000,0x00000000ec800000)
  to   space 4096K, 0% used [0x00000000ec800000,0x00000000ec800000,0x00000000ecc00000)
 ParOldGen       total 68608K, used 7710K [0x00000000c0000000, 0x00000000c4300000, 0x00000000eab00000)
  object space 68608K, 11% used [0x00000000c0000000,0x00000000c0787830,0x00000000c4300000)
 Metaspace       used 24923K, capacity 26307K, committed 26368K, reserved 1079296K
  class space    used 2321K, capacity 2800K, committed 2816K, reserved 1048576K
}
Event: 5.297 GC heap before
{Heap before GC invocations=6 (full 2):
 PSYoungGen      total 29696K, used 4774K [0x00000000eab00000, 0x00000000ecc00000, 0x0000000100000000)
  eden space 25600K, 18% used [0x00000000eab00000,0x00000000eafa9a10,0x00000000ec400000)
  from space 4096K, 0% used [0x00000000ec400000,0x00000000ec400000,0x00000000ec800000)
  to   space 4096K, 0% used [0x00000000ec800000,0x00000000ec800000,0x00000000ecc00000)
 ParOldGen       total 68608K, used 7710K [0x00000000c0000000, 0x00000000c4300000, 0x00000000eab00000)
  object space 68608K, 11% used [0x00000000c0000000,0x00000000c0787830,0x00000000c4300000)
 Metaspace       used 26963K, capacity 28467K, committed 28672K, reserved 1079296K
  class space    used 2572K, capacity 3051K, committed 3072K, reserved 1048576K
}
Event: 5.307 GC heap after
{Heap after GC invocations=6 (full 2):
 PSYoungGen      total 29696K, used 576K [0x00000000eab00000, 0x00000000ecc00000, 0x0000000100000000)
  eden space 25600K, 0% used [0x00000000eab00000,0x00000000eab00000,0x00000000ec400000)
  from space 4096K, 14% used [0x00000000ec800000,0x00000000ec890000,0x00000000ecc00000)
  to   space 4096K, 0% used [0x00000000ec400000,0x00000000ec400000,0x00000000ec800000)
 ParOldGen       total 68608K, used 7718K [0x00000000c0000000, 0x00000000c4300000, 0x00000000eab00000)
  object space 68608K, 11% used [0x00000000c0000000,0x00000000c0789830,0x00000000c4300000)
 Metaspace       used 26963K, capacity 28467K, committed 28672K, reserved 1079296K
  class space    used 2572K, capacity 3051K, committed 3072K, reserved 1048576K
}
Event: 5.307 GC heap before
{Heap before GC invocations=7 (full 3):
 PSYoungGen      total 29696K, used 576K [0x00000000eab00000, 0x00000000ecc00000, 0x0000000100000000)
  eden space 25600K, 0% used [0x00000000eab00000,0x00000000eab00000,0x00000000ec400000)
  from space 4096K, 14% used [0x00000000ec800000,0x00000000ec890000,0x00000000ecc00000)
  to   space 4096K, 0% used [0x00000000ec400000,0x00000000ec400000,0x00000000ec800000)
 ParOldGen       total 68608K, used 7718K [0x00000000c0000000, 0x00000000c4300000, 0x00000000eab00000)
  object space 68608K, 11% used [0x00000000c0000000,0x00000000c0789830,0x00000000c4300000)
 Metaspace       used 26963K, capacity 28467K, committed 28672K, reserved 1079296K
  class space    used 2572K, capacity 3051K, committed 3072K, reserved 1048576K
}
Event: 5.402 GC heap after
{Heap after GC invocations=7 (full 3):
 PSYoungGen      total 29696K, used 0K [0x00000000eab00000, 0x00000000ecc00000, 0x0000000100000000)
  eden space 25600K, 0% used [0x00000000eab00000,0x00000000eab00000,0x00000000ec400000)
  from space 4096K, 0% used [0x00000000ec800000,0x00000000ec800000,0x00000000ecc00000)
  to   space 4096K, 0% used [0x00000000ec400000,0x00000000ec400000,0x00000000ec800000)
 ParOldGen       total 68608K, used 8226K [0x00000000c0000000, 0x00000000c4300000, 0x00000000eab00000)
  object space 68608K, 11% used [0x00000000c0000000,0x00000000c0808b20,0x00000000c4300000)
 Metaspace       used 26963K, capacity 28467K, committed 28672K, reserved 1079296K
  class space    used 2572K, capacity 3051K, committed 3072K, reserved 1048576K
}

