# JRE version: Java(TM) SE Runtime Environment 18.9 (11.0.9+7) (build 11.0.9+7-LTS)
# Java VM: Java HotSpot(TM) 64-Bit Server VM 18.9 (11.0.9+7-LTS, mixed mode, tiered, compressed oops, parallel gc, windows-amd64)
Heap:
 PSYoungGen      total 26112K, used 1724K [0x00000000eab00000, 0x00000000ec800000, 0x0000000100000000)
  eden space 25600K, 6% used [0x00000000eab00000,0x00000000eacaf118,0x00000000ec400000)
  from space 512K, 0% used [0x00000000ec780000,0x00000000ec780000,0x00000000ec800000)
  to   space 512K, 0% used [0x00000000ec700000,0x00000000ec700000,0x00000000ec780000)
 ParOldGen       total 68608K, used 10639K [0x00000000c0000000, 0x00000000c4300000, 0x00000000eab00000)
  object space 68608K, 15% used [0x00000000c0000000,0x00000000c0a63cd0,0x00000000c4300000)
 Metaspace       used 25320K, capacity 26550K, committed 26624K, reserved 1097728K
  class space    used 2337K, capacity 2788K, committed 2816K, reserved 1048576K
GC Heap History (10 events):
Event: 5.739 GC heap after
{Heap after GC invocations=6 (full 2):
 PSYoungGen      total 29696K, used 32K [0x00000000eab00000, 0x00000000ecc00000, 0x0000000100000000)
  eden space 25600K, 0% used [0x00000000eab00000,0x00000000eab00000,0x00000000ec400000)
  from space 4096K, 0% used [0x00000000ec800000,0x00000000ec808000,0x00000000ecc00000)
  to   space 4096K, 0% used [0x00000000ec400000,0x00000000ec400000,0x00000000ec800000)
 ParOldGen       total 68608K, used 9809K [0x00000000c0000000, 0x00000000c4300000, 0x00000000eab00000)
  object space 68608K, 14% used [0x00000000c0000000,0x00000000c09944f8,0x00000000c4300000)
 Metaspace       used 22714K, capacity 23669K, committed 23808K, reserved 1083392K
  class space    used 2088K, capacity 2483K, committed 2560K, reserved 1048576K
}
Event: 5.739 GC heap before
{Heap before GC invocations=7 (full 3):
 PSYoungGen      total 29696K, used 32K [0x00000000eab00000, 0x00000000ecc00000, 0x0000000100000000)
  eden space 25600K, 0% used [0x00000000eab00000,0x00000000eab00000,0x00000000ec400000)
  from space 4096K, 0% used [0x00000000ec800000,0x00000000ec808000,0x00000000ecc00000)
  to   space 4096K, 0% used [0x00000000ec400000,0x00000000ec400000,0x00000000ec800000)
 ParOldGen       total 68608K, used 9809K [0x00000000c0000000, 0x00000000c4300000, 0x00000000eab00000)
  object space 68608K, 14% used [0x00000000c0000000,0x00000000c09944f8,0x00000000c4300000)
 Metaspace       used 22714K, capacity 23669K, committed 23808K, reserved 1083392K
  class space    used 2088K, capacity 2483K, committed 2560K, reserved 1048576K
}
Event: 5.796 GC heap after
{Heap after GC invocations=7 (full 3):
 PSYoungGen      total 29696K, used 0K [0x00000000eab00000, 0x00000000ecc00000, 0x0000000100000000)
  eden space 25600K, 0% used [0x00000000eab00000,0x00000000eab00000,0x00000000ec400000)
  from space 4096K, 0% used [0x00000000ec800000,0x00000000ec800000,0x00000000ecc00000)
  to   space 4096K, 0% used [0x00000000ec400000,0x00000000ec400000,0x00000000ec800000)
 ParOldGen       total 68608K, used 9808K [0x00000000c0000000, 0x00000000c4300000, 0x00000000eab00000)
  object space 68608K, 14% used [0x00000000c0000000,0x00000000c0994208,0x00000000c4300000)
 Metaspace       used 22714K, capacity 23669K, committed 23808K, reserved 1083392K
  class space    used 2088K, capacity 2483K, committed 2560K, reserved 1048576K
}
Event: 6.025 GC heap before
{Heap before GC invocations=8 (full 3):
 PSYoungGen      total 29696K, used 12828K [0x00000000eab00000, 0x00000000ecc00000, 0x0000000100000000)
  eden space 25600K, 50% used [0x00000000eab00000,0x00000000eb787108,0x00000000ec400000)
  from space 4096K, 0% used [0x00000000ec800000,0x00000000ec800000,0x00000000ecc00000)
  to   space 4096K, 0% used [0x00000000ec400000,0x00000000ec400000,0x00000000ec800000)
 ParOldGen       total 68608K, used 9808K [0x00000000c0000000, 0x00000000c4300000, 0x00000000eab00000)
  object space 68608K, 14% used [0x00000000c0000000,0x00000000c0994208,0x00000000c4300000)
 Metaspace       used 24323K, capacity 25371K, committed 25472K, reserved 1089536K
  class space    used 2207K, capacity 2603K, committed 2688K, reserved 1048576K
}
Event: 6.028 GC heap after
{Heap after GC invocations=8 (full 3):
 PSYoungGen      total 26624K, used 608K [0x00000000eab00000, 0x00000000ec880000, 0x0000000100000000)
  eden space 25600K, 0% used [0x00000000eab00000,0x00000000eab00000,0x00000000ec400000)
  from space 1024K, 59% used [0x00000000ec400000,0x00000000ec498000,0x00000000ec500000)
  to   space 1024K, 0% used [0x00000000ec780000,0x00000000ec780000,0x00000000ec880000)
 ParOldGen       total 68608K, used 9816K [0x00000000c0000000, 0x00000000c4300000, 0x00000000eab00000)
  object space 68608K, 14% used [0x00000000c0000000,0x00000000c0996220,0x00000000c4300000)
 Metaspace       used 24323K, capacity 25371K, committed 25472K, reserved 1089536K
  class space    used 2207K, capacity 2603K, committed 2688K, reserved 1048576K
}
Event: 6.028 GC heap before
{Heap before GC invocations=9 (full 4):
 PSYoungGen      total 26624K, used 608K [0x00000000eab00000, 0x00000000ec880000, 0x0000000100000000)
  eden space 25600K, 0% used [0x00000000eab00000,0x00000000eab00000,0x00000000ec400000)
  from space 1024K, 59% used [0x00000000ec400000,0x00000000ec498000,0x00000000ec500000)
  to   space 1024K, 0% used [0x00000000ec780000,0x00000000ec780000,0x00000000ec880000)
 ParOldGen       total 68608K, used 9816K [0x00000000c0000000, 0x00000000c4300000, 0x00000000eab00000)
  object space 68608K, 14% used [0x00000000c0000000,0x00000000c0996220,0x00000000c4300000)
 Metaspace       used 24323K, capacity 25371K, committed 25472K, reserved 1089536K
  class space    used 2207K, capacity 2603K, committed 2688K, reserved 1048576K
}
Event: 6.071 GC heap after
{Heap after GC invocations=9 (full 4):
 PSYoungGen      total 26624K, used 0K [0x00000000eab00000, 0x00000000ec880000, 0x0000000100000000)
  eden space 25600K, 0% used [0x00000000eab00000,0x00000000eab00000,0x00000000ec400000)
  from space 1024K, 0% used [0x00000000ec400000,0x00000000ec400000,0x00000000ec500000)
  to   space 1024K, 0% used [0x00000000ec780000,0x00000000ec780000,0x00000000ec880000)
 ParOldGen       total 68608K, used 10326K [0x00000000c0000000, 0x00000000c4300000, 0x00000000eab00000)
  object space 68608K, 15% used [0x00000000c0000000,0x00000000c0a15840,0x00000000c4300000)
 Metaspace       used 24323K, capacity 25371K, committed 25472K, reserved 1089536K
  class space    used 2207K, capacity 2603K, committed 2688K, reserved 1048576K
}
Event: 6.259 GC heap before
{Heap before GC invocations=10 (full 4):
 PSYoungGen      total 26624K, used 1991K [0x00000000eab00000, 0x00000000ec880000, 0x0000000100000000)
  eden space 25600K, 7% used [0x00000000eab00000,0x00000000eacf1ef0,0x00000000ec400000)
  from space 1024K, 0% used [0x00000000ec400000,0x00000000ec400000,0x00000000ec500000)
  to   space 1024K, 0% used [0x00000000ec780000,0x00000000ec780000,0x00000000ec880000)
 ParOldGen       total 68608K, used 10326K [0x00000000c0000000, 0x00000000c4300000, 0x00000000eab00000)
  object space 68608K, 15% used [0x00000000c0000000,0x00000000c0a15840,0x00000000c4300000)
 Metaspace       used 25081K, capacity 26324K, committed 26368K, reserved 1095680K
  class space    used 2305K, capacity 2778K, committed 2816K, reserved 1048576K
}
Event: 6.262 GC heap after
{Heap after GC invocations=10 (full 4):
 PSYoungGen      total 26112K, used 384K [0x00000000eab00000, 0x00000000ec800000, 0x0000000100000000)
  eden space 25600K, 0% used [0x00000000eab00000,0x00000000eab00000,0x00000000ec400000)
  from space 512K, 75% used [0x00000000ec780000,0x00000000ec7e0000,0x00000000ec800000)
  to   space 512K, 0% used [0x00000000ec700000,0x00000000ec700000,0x00000000ec780000)
 ParOldGen       total 68608K, used 10334K [0x00000000c0000000, 0x00000000c4300000, 0x00000000eab00000)
  object space 68608K, 15% used [0x00000000c0000000,0x00000000c0a17840,0x00000000c4300000)
 Metaspace       used 25081K, capacity 26324K, committed 26368K, reserved 1095680K
  class space    used 2305K, capacity 2778K, committed 2816K, reserved 1048576K
}
Event: 6.262 GC heap before
{Heap before GC invocations=11 (full 5):
 PSYoungGen      total 26112K, used 384K [0x00000000eab00000, 0x00000000ec800000, 0x0000000100000000)
  eden space 25600K, 0% used [0x00000000eab00000,0x00000000eab00000,0x00000000ec400000)
  from space 512K, 75% used [0x00000000ec780000,0x00000000ec7e0000,0x00000000ec800000)
  to   space 512K, 0% used [0x00000000ec700000,0x00000000ec700000,0x00000000ec780000)
 ParOldGen       total 68608K, used 10334K [0x00000000c0000000, 0x00000000c4300000, 0x00000000eab00000)
  object space 68608K, 15% used [0x00000000c0000000,0x00000000c0a17840,0x00000000c4300000)
 Metaspace       used 25081K, capacity 26324K, committed 26368K, reserved 1095680K
  class space    used 2305K, capacity 2778K, committed 2816K, reserved 1048576K
}

