# JRE version: Java(TM) SE Runtime Environment (8.0_202-b08) (build 1.8.0_202-b08)
# Java VM: Java HotSpot(TM) 64-Bit Server VM (25.202-b08 mixed mode windows-amd64 compressed oops)
Heap:
 PSYoungGen      total 235520K, used 149018K [0x00000000eab00000, 0x00000000fb780000, 0x0000000100000000)
  eden space 202752K, 73% used [0x00000000eab00000,0x00000000f3c86880,0x00000000f7100000)
  from space 32768K, 0% used [0x00000000f9400000,0x00000000f9400000,0x00000000fb400000)
  to   space 35840K, 0% used [0x00000000f7100000,0x00000000f7100000,0x00000000f9400000)
 ParOldGen       total 412160K, used 37601K [0x00000000c0000000, 0x00000000d9280000, 0x00000000eab00000)
  object space 412160K, 9% used [0x00000000c0000000,0x00000000c24b8718,0x00000000d9280000)
 Metaspace       used 36622K, capacity 38346K, committed 38528K, reserved 1083392K
  class space    used 4370K, capacity 4964K, committed 4992K, reserved 1048576K
GC Heap History (10 events):
Event: 26.490 GC heap before
{Heap before GC invocations=4 (full 1):
 PSYoungGen      total 153088K, used 136640K [0x00000000eab00000, 0x00000000f6780000, 0x0000000100000000)
  eden space 131584K, 100% used [0x00000000eab00000,0x00000000f2b80000,0x00000000f2b80000)
  from space 21504K, 23% used [0x00000000f4080000,0x00000000f4570000,0x00000000f5580000)
  to   space 21504K, 0% used [0x00000000f2b80000,0x00000000f2b80000,0x00000000f4080000)
 ParOldGen       total 349696K, used 19960K [0x00000000c0000000, 0x00000000d5580000, 0x00000000eab00000)
  object space 349696K, 5% used [0x00000000c0000000,0x00000000c137e2f0,0x00000000d5580000)
 Metaspace       used 25870K, capacity 26640K, committed 26752K, reserved 1073152K
  class space    used 2921K, capacity 3134K, committed 3200K, reserved 1048576K
Event: 26.505 GC heap after
Heap after GC invocations=4 (full 1):
 PSYoungGen      total 153088K, used 11564K [0x00000000eab00000, 0x00000000f6780000, 0x0000000100000000)
  eden space 131584K, 0% used [0x00000000eab00000,0x00000000eab00000,0x00000000f2b80000)
  from space 21504K, 53% used [0x00000000f2b80000,0x00000000f36cb318,0x00000000f4080000)
  to   space 21504K, 0% used [0x00000000f5280000,0x00000000f5280000,0x00000000f6780000)
 ParOldGen       total 349696K, used 19968K [0x00000000c0000000, 0x00000000d5580000, 0x00000000eab00000)
  object space 349696K, 5% used [0x00000000c0000000,0x00000000c13802f0,0x00000000d5580000)
 Metaspace       used 25870K, capacity 26640K, committed 26752K, reserved 1073152K
  class space    used 2921K, capacity 3134K, committed 3200K, reserved 1048576K
}
Event: 28.465 GC heap before
{Heap before GC invocations=5 (full 1):
 PSYoungGen      total 153088K, used 143148K [0x00000000eab00000, 0x00000000f6780000, 0x0000000100000000)
  eden space 131584K, 100% used [0x00000000eab00000,0x00000000f2b80000,0x00000000f2b80000)
  from space 21504K, 53% used [0x00000000f2b80000,0x00000000f36cb318,0x00000000f4080000)
  to   space 21504K, 0% used [0x00000000f5280000,0x00000000f5280000,0x00000000f6780000)
 ParOldGen       total 349696K, used 19968K [0x00000000c0000000, 0x00000000d5580000, 0x00000000eab00000)
  object space 349696K, 5% used [0x00000000c0000000,0x00000000c13802f0,0x00000000d5580000)
 Metaspace       used 28583K, capacity 30088K, committed 30208K, reserved 1075200K
  class space    used 3296K, capacity 3808K, committed 3840K, reserved 1048576K
Event: 28.505 GC heap after
Heap after GC invocations=5 (full 1):
 PSYoungGen      total 171520K, used 17357K [0x00000000eab00000, 0x00000000f7f00000, 0x0000000100000000)
  eden space 150016K, 0% used [0x00000000eab00000,0x00000000eab00000,0x00000000f3d80000)
  from space 21504K, 80% used [0x00000000f5280000,0x00000000f6373488,0x00000000f6780000)
  to   space 21504K, 0% used [0x00000000f3d80000,0x00000000f3d80000,0x00000000f5280000)
 ParOldGen       total 349696K, used 19976K [0x00000000c0000000, 0x00000000d5580000, 0x00000000eab00000)
  object space 349696K, 5% used [0x00000000c0000000,0x00000000c13822f0,0x00000000d5580000)
 Metaspace       used 28583K, capacity 30088K, committed 30208K, reserved 1075200K
  class space    used 3296K, capacity 3808K, committed 3840K, reserved 1048576K
}
Event: 32.858 GC heap before
{Heap before GC invocations=6 (full 1):
 PSYoungGen      total 171520K, used 167373K [0x00000000eab00000, 0x00000000f7f00000, 0x0000000100000000)
  eden space 150016K, 100% used [0x00000000eab00000,0x00000000f3d80000,0x00000000f3d80000)
  from space 21504K, 80% used [0x00000000f5280000,0x00000000f6373488,0x00000000f6780000)
  to   space 21504K, 0% used [0x00000000f3d80000,0x00000000f3d80000,0x00000000f5280000)
 ParOldGen       total 349696K, used 19976K [0x00000000c0000000, 0x00000000d5580000, 0x00000000eab00000)
  object space 349696K, 5% used [0x00000000c0000000,0x00000000c13822f0,0x00000000d5580000)
 Metaspace       used 31733K, capacity 33440K, committed 33536K, reserved 1079296K
  class space    used 3733K, capacity 4301K, committed 4352K, reserved 1048576K
Event: 32.917 GC heap after
Heap after GC invocations=6 (full 1):
 PSYoungGen      total 171520K, used 21488K [0x00000000eab00000, 0x00000000fb400000, 0x0000000100000000)
  eden space 150016K, 0% used [0x00000000eab00000,0x00000000eab00000,0x00000000f3d80000)
  from space 21504K, 99% used [0x00000000f3d80000,0x00000000f527c118,0x00000000f5280000)
  to   space 32768K, 0% used [0x00000000f9400000,0x00000000f9400000,0x00000000fb400000)
 ParOldGen       total 349696K, used 29104K [0x00000000c0000000, 0x00000000d5580000, 0x00000000eab00000)
  object space 349696K, 8% used [0x00000000c0000000,0x00000000c1c6c0b0,0x00000000d5580000)
 Metaspace       used 31733K, capacity 33440K, committed 33536K, reserved 1079296K
  class space    used 3733K, capacity 4301K, committed 4352K, reserved 1048576K
}
Event: 37.889 GC heap before
{Heap before GC invocations=7 (full 1):
 PSYoungGen      total 171520K, used 130466K [0x00000000eab00000, 0x00000000fb400000, 0x0000000100000000)
  eden space 150016K, 72% used [0x00000000eab00000,0x00000000f156c918,0x00000000f3d80000)
  from space 21504K, 99% used [0x00000000f3d80000,0x00000000f527c118,0x00000000f5280000)
  to   space 32768K, 0% used [0x00000000f9400000,0x00000000f9400000,0x00000000fb400000)
 ParOldGen       total 349696K, used 29104K [0x00000000c0000000, 0x00000000d5580000, 0x00000000eab00000)
  object space 349696K, 8% used [0x00000000c0000000,0x00000000c1c6c0b0,0x00000000d5580000)
 Metaspace       used 33595K, capacity 35336K, committed 35416K, reserved 1081344K
  class space    used 3963K, capacity 4559K, committed 4608K, reserved 1048576K
Event: 37.921 GC heap after
Heap after GC invocations=7 (full 1):
 PSYoungGen      total 235520K, used 26365K [0x00000000eab00000, 0x00000000fb780000, 0x0000000100000000)
  eden space 202752K, 0% used [0x00000000eab00000,0x00000000eab00000,0x00000000f7100000)
  from space 32768K, 80% used [0x00000000f9400000,0x00000000fadbf658,0x00000000fb400000)
  to   space 35840K, 0% used [0x00000000f7100000,0x00000000f7100000,0x00000000f9400000)
 ParOldGen       total 349696K, used 29112K [0x00000000c0000000, 0x00000000d5580000, 0x00000000eab00000)
  object space 349696K, 8% used [0x00000000c0000000,0x00000000c1c6e0b0,0x00000000d5580000)
 Metaspace       used 33595K, capacity 35336K, committed 35416K, reserved 1081344K
  class space    used 3963K, capacity 4559K, committed 4608K, reserved 1048576K
}
Event: 37.921 GC heap before
{Heap before GC invocations=8 (full 2):
 PSYoungGen      total 235520K, used 26365K [0x00000000eab00000, 0x00000000fb780000, 0x0000000100000000)
  eden space 202752K, 0% used [0x00000000eab00000,0x00000000eab00000,0x00000000f7100000)
  from space 32768K, 80% used [0x00000000f9400000,0x00000000fadbf658,0x00000000fb400000)
  to   space 35840K, 0% used [0x00000000f7100000,0x00000000f7100000,0x00000000f9400000)
 ParOldGen       total 349696K, used 29112K [0x00000000c0000000, 0x00000000d5580000, 0x00000000eab00000)
  object space 349696K, 8% used [0x00000000c0000000,0x00000000c1c6e0b0,0x00000000d5580000)
 Metaspace       used 33595K, capacity 35336K, committed 35416K, reserved 1081344K
  class space    used 3963K, capacity 4559K, committed 4608K, reserved 1048576K
Event: 38.094 GC heap after
Heap after GC invocations=8 (full 2):
 PSYoungGen      total 235520K, used 0K [0x00000000eab00000, 0x00000000fb780000, 0x0000000100000000)
  eden space 202752K, 0% used [0x00000000eab00000,0x00000000eab00000,0x00000000f7100000)
  from space 32768K, 0% used [0x00000000f9400000,0x00000000f9400000,0x00000000fb400000)
  to   space 35840K, 0% used [0x00000000f7100000,0x00000000f7100000,0x00000000f9400000)
 ParOldGen       total 412160K, used 37601K [0x00000000c0000000, 0x00000000d9280000, 0x00000000eab00000)
  object space 412160K, 9% used [0x00000000c0000000,0x00000000c24b8718,0x00000000d9280000)
 Metaspace       used 33595K, capacity 35336K, committed 35416K, reserved 1081344K
  class space    used 3963K, capacity 4559K, committed 4608K, reserved 1048576K
}

