# JRE version: Java(TM) SE Runtime Environment (8.0_202-b08) (build 1.8.0_202-b08)
# Java VM: Java HotSpot(TM) 64-Bit Server VM (25.202-b08 mixed mode windows-amd64 compressed oops)
Heap:
 PSYoungGen      total 223744K, used 17667K [0x00000000f0000000, 0x0000000100000000, 0x0000000100000000)
  eden space 205824K, 0% used [0x00000000f0000000,0x00000000f0000000,0x00000000fc900000)
  from space 17920K, 98% used [0x00000000fc900000,0x00000000fda40ca8,0x00000000fda80000)
  to   space 29184K, 0% used [0x00000000fe380000,0x00000000fe380000,0x0000000100000000)
 ParOldGen       total 175616K, used 81032K [0x00000000d0000000, 0x00000000dab80000, 0x00000000f0000000)
  object space 175616K, 46% used [0x00000000d0000000,0x00000000d4f22318,0x00000000dab80000)
 Metaspace       used 60818K, capacity 62732K, committed 62848K, reserved 1105920K
  class space    used 7185K, capacity 7804K, committed 7808K, reserved 1048576K
GC Heap History (10 events):
Event: 20.025 GC heap before
{Heap before GC invocations=39 (full 5):
 PSYoungGen      total 250880K, used 245839K [0x00000000f0000000, 0x0000000100000000, 0x0000000100000000)
  eden space 240128K, 97% used [0x00000000f0000000,0x00000000fe59bc98,0x00000000fea80000)
  from space 10752K, 99% used [0x00000000fea80000,0x00000000ff4f8040,0x00000000ff500000)
  to   space 11264K, 0% used [0x00000000ff500000,0x00000000ff500000,0x0000000100000000)
 ParOldGen       total 175616K, used 55051K [0x00000000d0000000, 0x00000000dab80000, 0x00000000f0000000)
  object space 175616K, 31% used [0x00000000d0000000,0x00000000d35c2c78,0x00000000dab80000)
 Metaspace       used 53049K, capacity 54676K, committed 55040K, reserved 1097728K
  class space    used 6122K, capacity 6616K, committed 6656K, reserved 1048576K
Event: 20.046 GC heap after
Heap after GC invocations=39 (full 5):
 PSYoungGen      total 236544K, used 11250K [0x00000000f0000000, 0x0000000100000000, 0x0000000100000000)
  eden space 225280K, 0% used [0x00000000f0000000,0x00000000f0000000,0x00000000fdc00000)
  from space 11264K, 99% used [0x00000000ff500000,0x00000000ffffca70,0x0000000100000000)
  to   space 18432K, 0% used [0x00000000fdc00000,0x00000000fdc00000,0x00000000fee00000)
 ParOldGen       total 175616K, used 65098K [0x00000000d0000000, 0x00000000dab80000, 0x00000000f0000000)
  object space 175616K, 37% used [0x00000000d0000000,0x00000000d3f92978,0x00000000dab80000)
 Metaspace       used 53049K, capacity 54676K, committed 55040K, reserved 1097728K
  class space    used 6122K, capacity 6616K, committed 6656K, reserved 1048576K
}
Event: 21.274 GC heap before
{Heap before GC invocations=40 (full 5):
 PSYoungGen      total 236544K, used 236530K [0x00000000f0000000, 0x0000000100000000, 0x0000000100000000)
  eden space 225280K, 100% used [0x00000000f0000000,0x00000000fdc00000,0x00000000fdc00000)
  from space 11264K, 99% used [0x00000000ff500000,0x00000000ffffca70,0x0000000100000000)
  to   space 18432K, 0% used [0x00000000fdc00000,0x00000000fdc00000,0x00000000fee00000)
 ParOldGen       total 175616K, used 65098K [0x00000000d0000000, 0x00000000dab80000, 0x00000000f0000000)
  object space 175616K, 37% used [0x00000000d0000000,0x00000000d3f92978,0x00000000dab80000)
 Metaspace       used 55136K, capacity 56834K, committed 57216K, reserved 1099776K
  class space    used 6452K, capacity 6977K, committed 7040K, reserved 1048576K
Event: 21.297 GC heap after
Heap after GC invocations=40 (full 5):
 PSYoungGen      total 243712K, used 18416K [0x00000000f0000000, 0x0000000100000000, 0x0000000100000000)
  eden space 225280K, 0% used [0x00000000f0000000,0x00000000f0000000,0x00000000fdc00000)
  from space 18432K, 99% used [0x00000000fdc00000,0x00000000fedfc210,0x00000000fee00000)
  to   space 18432K, 0% used [0x00000000fee00000,0x00000000fee00000,0x0000000100000000)
 ParOldGen       total 175616K, used 66297K [0x00000000d0000000, 0x00000000dab80000, 0x00000000f0000000)
  object space 175616K, 37% used [0x00000000d0000000,0x00000000d40be518,0x00000000dab80000)
 Metaspace       used 55136K, capacity 56834K, committed 57216K, reserved 1099776K
  class space    used 6452K, capacity 6977K, committed 7040K, reserved 1048576K
}
Event: 22.904 GC heap before
{Heap before GC invocations=41 (full 5):
 PSYoungGen      total 243712K, used 236801K [0x00000000f0000000, 0x0000000100000000, 0x0000000100000000)
  eden space 225280K, 96% used [0x00000000f0000000,0x00000000fd5442d8,0x00000000fdc00000)
  from space 18432K, 99% used [0x00000000fdc00000,0x00000000fedfc210,0x00000000fee00000)
  to   space 18432K, 0% used [0x00000000fee00000,0x00000000fee00000,0x0000000100000000)
 ParOldGen       total 175616K, used 66297K [0x00000000d0000000, 0x00000000dab80000, 0x00000000f0000000)
  object space 175616K, 37% used [0x00000000d0000000,0x00000000d40be518,0x00000000dab80000)
 Metaspace       used 56712K, capacity 58430K, committed 58496K, reserved 1099776K
  class space    used 6718K, capacity 7244K, committed 7296K, reserved 1048576K
Event: 22.936 GC heap after
Heap after GC invocations=41 (full 5):
 PSYoungGen      total 227328K, used 18423K [0x00000000f0000000, 0x0000000100000000, 0x0000000100000000)
  eden space 208896K, 0% used [0x00000000f0000000,0x00000000f0000000,0x00000000fcc00000)
  from space 18432K, 99% used [0x00000000fee00000,0x00000000ffffdc78,0x0000000100000000)
  to   space 26624K, 0% used [0x00000000fcc00000,0x00000000fcc00000,0x00000000fe600000)
 ParOldGen       total 175616K, used 73087K [0x00000000d0000000, 0x00000000dab80000, 0x00000000f0000000)
  object space 175616K, 41% used [0x00000000d0000000,0x00000000d475fd98,0x00000000dab80000)
 Metaspace       used 56712K, capacity 58430K, committed 58496K, reserved 1099776K
  class space    used 6718K, capacity 7244K, committed 7296K, reserved 1048576K
}
Event: 23.900 GC heap before
{Heap before GC invocations=42 (full 5):
 PSYoungGen      total 227328K, used 227319K [0x00000000f0000000, 0x0000000100000000, 0x0000000100000000)
  eden space 208896K, 100% used [0x00000000f0000000,0x00000000fcc00000,0x00000000fcc00000)
  from space 18432K, 99% used [0x00000000fee00000,0x00000000ffffdc78,0x0000000100000000)
  to   space 26624K, 0% used [0x00000000fcc00000,0x00000000fcc00000,0x00000000fe600000)
 ParOldGen       total 175616K, used 73087K [0x00000000d0000000, 0x00000000dab80000, 0x00000000f0000000)
  object space 175616K, 41% used [0x00000000d0000000,0x00000000d475fd98,0x00000000dab80000)
 Metaspace       used 58854K, capacity 60784K, committed 60928K, reserved 1101824K
  class space    used 6984K, capacity 7630K, committed 7680K, reserved 1048576K
Event: 23.945 GC heap after
Heap after GC invocations=42 (full 5):
 PSYoungGen      total 224768K, used 15797K [0x00000000f0000000, 0x0000000100000000, 0x0000000100000000)
  eden space 208896K, 0% used [0x00000000f0000000,0x00000000f0000000,0x00000000fcc00000)
  from space 15872K, 99% used [0x00000000fcc00000,0x00000000fdb6d6c0,0x00000000fdb80000)
  to   space 27136K, 0% used [0x00000000fe580000,0x00000000fe580000,0x0000000100000000)
 ParOldGen       total 175616K, used 81024K [0x00000000d0000000, 0x00000000dab80000, 0x00000000f0000000)
  object space 175616K, 46% used [0x00000000d0000000,0x00000000d4f20318,0x00000000dab80000)
 Metaspace       used 58854K, capacity 60784K, committed 60928K, reserved 1101824K
  class space    used 6984K, capacity 7630K, committed 7680K, reserved 1048576K
}
Event: 24.792 GC heap before
{Heap before GC invocations=43 (full 5):
 PSYoungGen      total 224768K, used 222984K [0x00000000f0000000, 0x0000000100000000, 0x0000000100000000)
  eden space 208896K, 99% used [0x00000000f0000000,0x00000000fca54990,0x00000000fcc00000)
  from space 15872K, 99% used [0x00000000fcc00000,0x00000000fdb6d6c0,0x00000000fdb80000)
  to   space 27136K, 0% used [0x00000000fe580000,0x00000000fe580000,0x0000000100000000)
 ParOldGen       total 175616K, used 81024K [0x00000000d0000000, 0x00000000dab80000, 0x00000000f0000000)
  object space 175616K, 46% used [0x00000000d0000000,0x00000000d4f20318,0x00000000dab80000)
 Metaspace       used 60497K, capacity 62406K, committed 62592K, reserved 1105920K
  class space    used 7154K, capacity 7802K, committed 7808K, reserved 1048576K
Event: 24.815 GC heap after
Heap after GC invocations=43 (full 5):
 PSYoungGen      total 232960K, used 18493K [0x00000000f0000000, 0x0000000100000000, 0x0000000100000000)
  eden space 205824K, 0% used [0x00000000f0000000,0x00000000f0000000,0x00000000fc900000)
  from space 27136K, 68% used [0x00000000fe580000,0x00000000ff78f580,0x0000000100000000)
  to   space 28160K, 0% used [0x00000000fc900000,0x00000000fc900000,0x00000000fe480000)
 ParOldGen       total 175616K, used 81032K [0x00000000d0000000, 0x00000000dab80000, 0x00000000f0000000)
  object space 175616K, 46% used [0x00000000d0000000,0x00000000d4f22318,0x00000000dab80000)
 Metaspace       used 60497K, capacity 62406K, committed 62592K, reserved 1105920K
  class space    used 7154K, capacity 7802K, committed 7808K, reserved 1048576K
}

